2025-07-17 16:25:23,235 - INFO - 输入目录: E:\fix_data\star-detect
2025-07-17 16:25:23,235 - INFO - 输出目录: E:\fix_data\star-detect\simple_background_output
2025-07-17 16:25:23,237 - INFO - 找到 6 个FITS文件
2025-07-17 16:25:23,237 - INFO - 开始处理 6 个文件...
2025-07-17 16:25:23,237 - INFO - 处理文件: aligned_comparison_20250715_175203_difference.fits
2025-07-17 16:25:23,298 - INFO - 使用HDU 0, 数据形状: (3211, 4800)
2025-07-17 16:25:26,076 - INFO - 网格背景估计 - 网格大小: 64, 平均背景: 0.36
2025-07-17 16:25:27,758 - INFO - 背景图像已保存: E:\fix_data\star-detect\simple_background_output\backgrounds\aligned_comparison_20250715_175203_difference_background.jpg
2025-07-17 16:25:27,915 - INFO - 处理完成: aligned_comparison_20250715_175203_difference.fits
2025-07-17 16:25:27,915 - INFO -   - 背景图像: E:\fix_data\star-detect\simple_background_output\backgrounds\aligned_comparison_20250715_175203_difference_background.jpg
2025-07-17 16:25:27,915 - INFO -   - 背景减除FITS: E:\fix_data\star-detect\simple_background_output\background_subtracted\aligned_comparison_20250715_175203_difference_bg_subtracted.fits
2025-07-17 16:25:27,945 - INFO - 处理文件: aligned_comparison_20250715_175203_difference.fits
2025-07-17 16:25:28,000 - INFO - 使用HDU 0, 数据形状: (3211, 4800)
2025-07-17 16:25:30,560 - INFO - 网格背景估计 - 网格大小: 64, 平均背景: 0.36
2025-07-17 16:25:32,099 - INFO - 背景图像已保存: E:\fix_data\star-detect\simple_background_output\backgrounds\aligned_comparison_20250715_175203_difference_background.jpg
2025-07-17 16:25:32,243 - INFO - 处理完成: aligned_comparison_20250715_175203_difference.fits
2025-07-17 16:25:32,243 - INFO -   - 背景图像: E:\fix_data\star-detect\simple_background_output\backgrounds\aligned_comparison_20250715_175203_difference_background.jpg
2025-07-17 16:25:32,243 - INFO -   - 背景减除FITS: E:\fix_data\star-detect\simple_background_output\background_subtracted\aligned_comparison_20250715_175203_difference_bg_subtracted.fits
2025-07-17 16:25:32,274 - INFO - 处理文件: GY5_K053-1_No Filter_60S_Bin2_UTC20250622_182433_-14.9C_.fit
2025-07-17 16:25:32,363 - INFO - 使用HDU 0, 数据形状: (3211, 4800)
2025-07-17 16:25:35,084 - INFO - 网格背景估计 - 网格大小: 64, 平均背景: 8066.15
2025-07-17 16:25:36,627 - INFO - 背景图像已保存: E:\fix_data\star-detect\simple_background_output\backgrounds\GY5_K053-1_No Filter_60S_Bin2_UTC20250622_182433_-14.9C__background.jpg
2025-07-17 16:25:36,782 - INFO - 处理完成: GY5_K053-1_No Filter_60S_Bin2_UTC20250622_182433_-14.9C_.fit
2025-07-17 16:25:36,782 - INFO -   - 背景图像: E:\fix_data\star-detect\simple_background_output\backgrounds\GY5_K053-1_No Filter_60S_Bin2_UTC20250622_182433_-14.9C__background.jpg
2025-07-17 16:25:36,782 - INFO -   - 背景减除FITS: E:\fix_data\star-detect\simple_background_output\background_subtracted\GY5_K053-1_No Filter_60S_Bin2_UTC20250622_182433_-14.9C__bg_subtracted.fits
2025-07-17 16:25:36,815 - INFO - 处理文件: GY5_K053-1_No Filter_60S_Bin2_UTC20250622_182433_-14.9C_.fit
2025-07-17 16:25:36,888 - INFO - 使用HDU 0, 数据形状: (3211, 4800)
2025-07-17 16:25:39,738 - INFO - 网格背景估计 - 网格大小: 64, 平均背景: 8066.15
2025-07-17 16:25:41,292 - INFO - 背景图像已保存: E:\fix_data\star-detect\simple_background_output\backgrounds\GY5_K053-1_No Filter_60S_Bin2_UTC20250622_182433_-14.9C__background.jpg
2025-07-17 16:25:41,438 - INFO - 处理完成: GY5_K053-1_No Filter_60S_Bin2_UTC20250622_182433_-14.9C_.fit
2025-07-17 16:25:41,438 - INFO -   - 背景图像: E:\fix_data\star-detect\simple_background_output\backgrounds\GY5_K053-1_No Filter_60S_Bin2_UTC20250622_182433_-14.9C__background.jpg
2025-07-17 16:25:41,438 - INFO -   - 背景减除FITS: E:\fix_data\star-detect\simple_background_output\background_subtracted\GY5_K053-1_No Filter_60S_Bin2_UTC20250622_182433_-14.9C__bg_subtracted.fits
2025-07-17 16:25:41,470 - INFO - 处理文件: GY5_K053-1_No Filter_60S_Bin2_UTC20250628_193509_-14.9C_.fit
2025-07-17 16:25:41,559 - INFO - 使用HDU 0, 数据形状: (3211, 4800)
2025-07-17 16:25:44,245 - INFO - 网格背景估计 - 网格大小: 64, 平均背景: 7398.39
2025-07-17 16:25:45,809 - INFO - 背景图像已保存: E:\fix_data\star-detect\simple_background_output\backgrounds\GY5_K053-1_No Filter_60S_Bin2_UTC20250628_193509_-14.9C__background.jpg
2025-07-17 16:25:45,960 - INFO - 处理完成: GY5_K053-1_No Filter_60S_Bin2_UTC20250628_193509_-14.9C_.fit
2025-07-17 16:25:45,960 - INFO -   - 背景图像: E:\fix_data\star-detect\simple_background_output\backgrounds\GY5_K053-1_No Filter_60S_Bin2_UTC20250628_193509_-14.9C__background.jpg
2025-07-17 16:25:45,960 - INFO -   - 背景减除FITS: E:\fix_data\star-detect\simple_background_output\background_subtracted\GY5_K053-1_No Filter_60S_Bin2_UTC20250628_193509_-14.9C__bg_subtracted.fits
2025-07-17 16:25:45,993 - INFO - 处理文件: GY5_K053-1_No Filter_60S_Bin2_UTC20250628_193509_-14.9C_.fit
2025-07-17 16:25:46,065 - INFO - 使用HDU 0, 数据形状: (3211, 4800)
2025-07-17 16:25:48,742 - INFO - 网格背景估计 - 网格大小: 64, 平均背景: 7398.39
2025-07-17 16:25:50,900 - INFO - 背景图像已保存: E:\fix_data\star-detect\simple_background_output\backgrounds\GY5_K053-1_No Filter_60S_Bin2_UTC20250628_193509_-14.9C__background.jpg
2025-07-17 16:25:51,053 - INFO - 处理完成: GY5_K053-1_No Filter_60S_Bin2_UTC20250628_193509_-14.9C_.fit
2025-07-17 16:25:51,053 - INFO -   - 背景图像: E:\fix_data\star-detect\simple_background_output\backgrounds\GY5_K053-1_No Filter_60S_Bin2_UTC20250628_193509_-14.9C__background.jpg
2025-07-17 16:25:51,054 - INFO -   - 背景减除FITS: E:\fix_data\star-detect\simple_background_output\background_subtracted\GY5_K053-1_No Filter_60S_Bin2_UTC20250628_193509_-14.9C__bg_subtracted.fits
2025-07-17 16:25:51,087 - INFO - 处理完成: 6/6 个文件成功
