2025-07-17 13:26:55,371 - INFO - 找到 1 个FITS文件
2025-07-17 13:26:55,371 - INFO - 处理文件 1/1: aligned_comparison_20250715_175203_difference.fits
2025-07-17 13:26:55,402 - INFO - 加载FITS文件: E:\fix_data\star-detect\aligned_comparison_20250715_175203_difference.fits
2025-07-17 13:26:55,403 - INFO - 图像尺寸: (3211, 4800)
2025-07-17 13:26:56,929 - INFO - 图像统计: mean=0.36, median=0.35, std=0.02
2025-07-17 13:26:57,052 - INFO - 使用阈值: 127
2025-07-17 13:26:57,077 - INFO - 检测到 246 个星点
2025-07-17 13:26:57,158 - INFO - 标记图像已保存: output_images\aligned_comparison_20250715_175203_difference_stars.jpg
2025-07-17 13:26:57,171 - INFO - 成功处理: 检测到 246 个星点
2025-07-17 13:27:37,243 - INFO - 找到 1 个FITS文件
2025-07-17 13:27:37,244 - INFO - 处理文件 1/1: aligned_comparison_20250715_175203_difference.fits
2025-07-17 13:27:37,274 - INFO - 加载FITS文件: E:\fix_data\star-detect\aligned_comparison_20250715_175203_difference.fits
2025-07-17 13:27:37,274 - INFO - 图像尺寸: (3211, 4800)
2025-07-17 13:27:38,749 - INFO - 图像统计: mean=0.36, median=0.35, std=0.02
2025-07-17 13:27:38,858 - INFO - 使用阈值: 127
2025-07-17 13:27:38,885 - INFO - 检测到 246 个星点
2025-07-17 13:27:38,961 - INFO - 标记图像已保存: output_images\aligned_comparison_20250715_175203_difference_stars.jpg
2025-07-17 13:27:38,973 - INFO - 成功处理: 检测到 246 个星点
2025-07-17 13:27:38,974 - INFO - 处理完成! 总用时: 1.73秒
2025-07-17 13:27:38,974 - INFO - 输出目录: E:\project_temp\test_star\no_sep\output_images
2025-07-17 13:29:16,501 - INFO - 找到 1 个FITS文件
2025-07-17 13:29:16,501 - INFO - 处理文件 1/1: aligned_comparison_20250715_175203_difference.fits
2025-07-17 13:29:16,530 - INFO - 加载FITS文件: E:\fix_data\star-detect\aligned_comparison_20250715_175203_difference.fits
2025-07-17 13:29:16,530 - INFO - 图像尺寸: (3211, 4800)
2025-07-17 13:29:17,906 - INFO - 图像统计: mean=0.36, median=0.35, std=0.02
2025-07-17 13:29:18,020 - INFO - 使用阈值: 127
2025-07-17 13:29:18,044 - INFO - 检测到 246 个星点
2025-07-17 13:29:18,115 - INFO - 标记图像已保存: output_images\aligned_comparison_20250715_175203_difference_stars.jpg
2025-07-17 13:29:18,127 - INFO - 成功处理: 检测到 246 个星点
2025-07-17 13:29:18,128 - INFO - 处理完成! 总用时: 1.63秒
2025-07-17 13:29:18,128 - INFO - 输出目录: E:\project_temp\test_star\no_sep\output_images
2025-07-17 14:01:12,890 - INFO - 找到 3 个FITS文件
2025-07-17 14:01:12,891 - INFO - 处理文件 1/3: aligned_comparison_20250715_175203_difference.fits
2025-07-17 14:01:12,921 - INFO - 加载FITS文件: E:\fix_data\star-detect\aligned_comparison_20250715_175203_difference.fits
2025-07-17 14:01:12,922 - INFO - 图像尺寸: (3211, 4800)
2025-07-17 14:01:14,523 - INFO - 图像统计: mean=0.36, median=0.35, std=0.02
2025-07-17 14:01:14,645 - INFO - 使用阈值: 127
2025-07-17 14:01:14,676 - INFO - 检测到 193 个圆形星点 (过滤掉 53 个非圆形对象)
2025-07-17 14:01:14,750 - INFO - 标记图像已保存: output_images\aligned_comparison_20250715_175203_difference_stars.jpg
2025-07-17 14:01:14,761 - INFO - 成功处理: 检测到 193 个星点
2025-07-17 14:01:14,761 - INFO - 处理文件 2/3: GY5_K053-1_No Filter_60S_Bin2_UTC20250622_182433_-14.9C_.fits
2025-07-17 14:01:14,842 - INFO - 加载FITS文件: E:\fix_data\star-detect\GY5_K053-1_No Filter_60S_Bin2_UTC20250622_182433_-14.9C_.fits
2025-07-17 14:01:14,843 - INFO - 图像尺寸: (3211, 4800)
2025-07-17 14:01:16,611 - INFO - 图像统计: mean=8046.59, median=8055.00, std=266.08
2025-07-17 14:01:16,731 - INFO - 使用阈值: 127
2025-07-17 14:01:17,041 - INFO - 检测到 19211 个圆形星点 (过滤掉 331 个非圆形对象)
2025-07-17 14:01:17,369 - INFO - 标记图像已保存: output_images\GY5_K053-1_No Filter_60S_Bin2_UTC20250622_182433_-14.9C__stars.jpg
2025-07-17 14:01:17,378 - INFO - 成功处理: 检测到 19211 个星点
2025-07-17 14:01:17,378 - INFO - 处理文件 3/3: GY5_K053-1_No Filter_60S_Bin2_UTC20250628_193509_-14.9C_.fits
2025-07-17 14:01:17,451 - INFO - 加载FITS文件: E:\fix_data\star-detect\GY5_K053-1_No Filter_60S_Bin2_UTC20250628_193509_-14.9C_.fits
2025-07-17 14:01:17,452 - INFO - 图像尺寸: (3211, 4800)
2025-07-17 14:01:19,220 - INFO - 图像统计: mean=7385.06, median=7376.00, std=236.79
2025-07-17 14:01:19,334 - INFO - 使用阈值: 127
2025-07-17 14:01:19,784 - INFO - 检测到 28348 个圆形星点 (过滤掉 768 个非圆形对象)
2025-07-17 14:01:20,225 - INFO - 标记图像已保存: output_images\GY5_K053-1_No Filter_60S_Bin2_UTC20250628_193509_-14.9C__stars.jpg
2025-07-17 14:01:20,235 - INFO - 成功处理: 检测到 28348 个星点
2025-07-17 14:01:20,236 - INFO - 处理完成! 总用时: 7.34秒
2025-07-17 14:01:20,236 - INFO - 输出目录: E:\project_temp\test_star\no_sep\output_images
2025-07-17 14:07:47,949 - INFO - 找到 3 个FITS文件
2025-07-17 14:07:47,950 - INFO - 处理文件 1/3: aligned_comparison_20250715_175203_difference.fits
2025-07-17 14:07:47,981 - INFO - 加载FITS文件: E:\fix_data\star-detect\aligned_comparison_20250715_175203_difference.fits
2025-07-17 14:07:47,981 - INFO - 图像尺寸: (3211, 4800)
2025-07-17 14:07:49,594 - INFO - 图像统计: mean=0.36, median=0.35, std=0.02
2025-07-17 14:07:49,594 - INFO - 使用暗星检测模式
2025-07-17 14:07:49,722 - INFO - 应用直方图均衡化增强暗星对比度
2025-07-17 14:07:49,788 - INFO - 使用自适应阈值
2025-07-17 14:07:50,092 - INFO - 检测到 9405 个圆形星点 (过滤掉 5481 个非圆形对象)
2025-07-17 14:07:50,290 - INFO - 标记图像已保存: output_images\aligned_comparison_20250715_175203_difference_stars.jpg
2025-07-17 14:07:50,300 - INFO - 成功处理: 检测到 9405 个星点
2025-07-17 14:07:50,300 - INFO - 处理文件 2/3: GY5_K053-1_No Filter_60S_Bin2_UTC20250622_182433_-14.9C_.fits
2025-07-17 14:07:50,356 - INFO - 加载FITS文件: E:\fix_data\star-detect\GY5_K053-1_No Filter_60S_Bin2_UTC20250622_182433_-14.9C_.fits
2025-07-17 14:07:50,357 - INFO - 图像尺寸: (3211, 4800)
2025-07-17 14:07:52,158 - INFO - 图像统计: mean=8046.59, median=8055.00, std=266.08
2025-07-17 14:07:52,158 - INFO - 使用暗星检测模式
2025-07-17 14:07:52,291 - INFO - 应用直方图均衡化增强暗星对比度
2025-07-17 14:07:52,355 - INFO - 使用自适应阈值
2025-07-17 14:07:54,162 - INFO - 检测到 70003 个圆形星点 (过滤掉 37468 个非圆形对象)
2025-07-17 14:07:55,083 - INFO - 标记图像已保存: output_images\GY5_K053-1_No Filter_60S_Bin2_UTC20250622_182433_-14.9C__stars.jpg
2025-07-17 14:07:55,093 - INFO - 成功处理: 检测到 70003 个星点
2025-07-17 14:07:55,093 - INFO - 处理文件 3/3: GY5_K053-1_No Filter_60S_Bin2_UTC20250628_193509_-14.9C_.fits
2025-07-17 14:07:55,159 - INFO - 加载FITS文件: E:\fix_data\star-detect\GY5_K053-1_No Filter_60S_Bin2_UTC20250628_193509_-14.9C_.fits
2025-07-17 14:07:55,160 - INFO - 图像尺寸: (3211, 4800)
2025-07-17 14:07:56,919 - INFO - 图像统计: mean=7385.06, median=7376.00, std=236.79
2025-07-17 14:07:56,920 - INFO - 使用暗星检测模式
2025-07-17 14:07:57,046 - INFO - 应用直方图均衡化增强暗星对比度
2025-07-17 14:07:57,119 - INFO - 使用自适应阈值
2025-07-17 14:07:58,786 - INFO - 检测到 66868 个圆形星点 (过滤掉 33092 个非圆形对象)
2025-07-17 14:07:59,675 - INFO - 标记图像已保存: output_images\GY5_K053-1_No Filter_60S_Bin2_UTC20250628_193509_-14.9C__stars.jpg
2025-07-17 14:07:59,684 - INFO - 成功处理: 检测到 66868 个星点
2025-07-17 14:07:59,685 - INFO - 处理完成! 总用时: 11.73秒
2025-07-17 14:07:59,686 - INFO - 输出目录: E:\project_temp\test_star\no_sep\output_images
2025-07-17 14:15:19,475 - INFO - 找到 1 个FITS文件
2025-07-17 14:15:19,476 - INFO - 处理文件 1/1: aligned_comparison_20250715_175203_difference.fits
2025-07-17 14:15:19,510 - INFO - 加载FITS文件: E:\fix_data\star-detect\aligned_comparison_20250715_175203_difference.fits
2025-07-17 14:15:19,511 - INFO - 图像尺寸: (3211, 4800)
2025-07-17 14:15:21,117 - INFO - 图像统计: mean=0.36, median=0.35, std=0.02
2025-07-17 14:15:21,239 - INFO - 标准阈值: 140
2025-07-17 14:15:21,268 - INFO - 检测到 6 个圆形星点 (过滤掉 2 个非圆形对象)
2025-07-17 14:15:21,342 - INFO - 标记图像已保存: output_images\aligned_comparison_20250715_175203_difference_stars.jpg
2025-07-17 14:15:21,351 - INFO - 成功处理: 检测到 6 个星点
2025-07-17 14:15:21,353 - INFO - 处理完成! 总用时: 1.88秒
2025-07-17 14:15:21,353 - INFO - 输出目录: E:\project_temp\test_star\no_sep\output_images
2025-07-17 14:17:43,786 - INFO - 使用检测模式: SELECTIVE
2025-07-17 14:17:43,787 - INFO - 模式描述: 检测较明显的星点（通常10-50个）
2025-07-17 14:17:43,787 - INFO - 找到 1 个FITS文件
2025-07-17 14:17:43,787 - INFO - 处理文件 1/1: aligned_comparison_20250715_175203_difference.fits
2025-07-17 14:17:43,823 - INFO - 加载FITS文件: E:\fix_data\star-detect\aligned_comparison_20250715_175203_difference.fits
2025-07-17 14:17:43,823 - INFO - 图像尺寸: (3211, 4800)
2025-07-17 14:17:45,445 - INFO - 图像统计: mean=0.36, median=0.35, std=0.02
2025-07-17 14:17:45,569 - INFO - 标准阈值: 140
2025-07-17 14:17:45,599 - INFO - 检测到 6 个圆形星点 (过滤掉 2 个非圆形对象)
2025-07-17 14:17:45,671 - INFO - 标记图像已保存: output_images\aligned_comparison_20250715_175203_difference_stars.jpg
2025-07-17 14:17:45,680 - INFO - 成功处理: 检测到 6 个星点
2025-07-17 14:17:45,684 - INFO - 处理完成! 总用时: 1.89秒
2025-07-17 14:17:45,684 - INFO - 输出目录: E:\project_temp\test_star\no_sep\output_images
2025-07-17 14:18:05,489 - INFO - 使用检测模式: MINIMAL
2025-07-17 14:18:05,490 - INFO - 模式描述: 只检测最明显、最圆的亮星（通常<10个）
2025-07-17 14:18:05,490 - INFO - 找到 1 个FITS文件
2025-07-17 14:18:05,490 - INFO - 处理文件 1/1: aligned_comparison_20250715_175203_difference.fits
2025-07-17 14:18:05,523 - INFO - 加载FITS文件: E:\fix_data\star-detect\aligned_comparison_20250715_175203_difference.fits
2025-07-17 14:18:05,524 - INFO - 图像尺寸: (3211, 4800)
2025-07-17 14:18:07,137 - INFO - 图像统计: mean=0.36, median=0.35, std=0.02
2025-07-17 14:18:07,268 - INFO - 标准阈值: 153
2025-07-17 14:18:07,296 - INFO - 检测到 4 个圆形星点 (过滤掉 6 个非圆形对象)
2025-07-17 14:18:07,369 - INFO - 标记图像已保存: output_images\aligned_comparison_20250715_175203_difference_stars.jpg
2025-07-17 14:18:07,378 - INFO - 成功处理: 检测到 4 个星点
2025-07-17 14:18:07,380 - INFO - 处理完成! 总用时: 1.89秒
2025-07-17 14:18:07,380 - INFO - 输出目录: E:\project_temp\test_star\no_sep\output_images
2025-07-17 14:20:06,541 - INFO - 使用检测模式: BALANCED
2025-07-17 14:20:06,541 - INFO - 模式描述: 平衡的星点检测（通常50-200个）
2025-07-17 14:20:06,542 - INFO - 找到 1 个FITS文件
2025-07-17 14:20:06,542 - INFO - 处理文件 1/1: aligned_comparison_20250715_175203_difference.fits
2025-07-17 14:20:06,574 - INFO - 加载FITS文件: E:\fix_data\star-detect\aligned_comparison_20250715_175203_difference.fits
2025-07-17 14:20:06,575 - INFO - 图像尺寸: (3211, 4800)
2025-07-17 14:20:08,170 - INFO - 图像统计: mean=0.36, median=0.35, std=0.02
2025-07-17 14:20:08,295 - INFO - 标准阈值: 127
2025-07-17 14:20:08,326 - INFO - 检测到 89 个圆形星点 (过滤掉 55 个非圆形对象)
2025-07-17 14:20:08,400 - INFO - 标记图像已保存: output_images\aligned_comparison_20250715_175203_difference_stars.jpg
2025-07-17 14:20:08,410 - INFO - 成功处理: 检测到 89 个星点
2025-07-17 14:20:08,411 - INFO - 处理完成! 总用时: 1.87秒
2025-07-17 14:20:08,412 - INFO - 输出目录: E:\project_temp\test_star\no_sep\output_images
2025-07-17 14:23:25,508 - INFO - 使用检测模式: SELECTIVE
2025-07-17 14:23:25,508 - INFO - 模式描述: 检测较明显的星点（通常10-50个）
2025-07-17 14:23:25,508 - INFO - 找到 1 个FITS文件
2025-07-17 14:23:25,508 - INFO - 处理文件 1/1: aligned_comparison_20250715_175203_difference.fits
2025-07-17 14:23:25,538 - INFO - 加载FITS文件: E:\fix_data\star-detect\aligned_comparison_20250715_175203_difference.fits
2025-07-17 14:23:25,538 - INFO - 图像尺寸: (3211, 4800)
2025-07-17 14:23:27,038 - INFO - 图像统计: mean=0.36, median=0.35, std=0.02
2025-07-17 14:23:27,153 - INFO - 标准阈值: 140
2025-07-17 14:23:27,178 - INFO - 检测到 6 个圆形星点 (过滤掉 2 个非圆形对象)
2025-07-17 14:23:27,248 - INFO - 标记图像已保存: output_images\aligned_comparison_20250715_175203_difference_stars.jpg
2025-07-17 14:23:27,257 - INFO - 成功处理: 检测到 6 个星点
2025-07-17 14:23:27,258 - INFO - 处理完成! 总用时: 1.75秒
2025-07-17 14:23:27,258 - INFO - 输出目录: E:\project_temp\test_star\no_sep\output_images
2025-07-17 14:23:53,086 - INFO - 使用检测模式: SELECTIVE
2025-07-17 14:23:53,086 - INFO - 模式描述: 检测较明显的星点（通常10-50个）
2025-07-17 14:23:53,087 - INFO - 找到 1 个FITS文件
2025-07-17 14:23:53,087 - INFO - 处理文件 1/1: aligned_comparison_20250715_175203_difference.fits
2025-07-17 14:23:53,116 - INFO - 加载FITS文件: E:\fix_data\star-detect\aligned_comparison_20250715_175203_difference.fits
2025-07-17 14:23:53,116 - INFO - 图像尺寸: (3211, 4800)
2025-07-17 14:23:54,603 - INFO - 图像统计: mean=0.36, median=0.35, std=0.02
2025-07-17 14:23:54,715 - INFO - 标准阈值: 140
2025-07-17 14:23:54,737 - INFO - 检测到 6 个圆形星点 (过滤掉 2 个非圆形对象)
2025-07-17 14:23:54,805 - INFO - 标记图像已保存: output_images\aligned_comparison_20250715_175203_difference_stars.jpg
2025-07-17 14:23:54,814 - INFO - 成功处理: 检测到 6 个星点
2025-07-17 14:23:54,816 - INFO - 处理完成! 总用时: 1.73秒
2025-07-17 14:23:54,816 - INFO - 输出目录: E:\project_temp\test_star\no_sep\output_images
2025-07-17 14:30:18,470 - INFO - 星点检测参数:
2025-07-17 14:30:18,470 - INFO -   最小面积: 15 像素
2025-07-17 14:30:18,471 - INFO -   最大面积: 1000 像素
2025-07-17 14:30:18,471 - INFO -   阈值因子: 3.5
2025-07-17 14:30:18,471 - INFO -   最小圆度: 0.5
2025-07-17 14:30:18,471 - INFO -   最小实心度: 0.6
2025-07-17 14:30:18,471 - INFO -   自适应阈值: 否
2025-07-17 14:30:18,471 - INFO -   暗星模式: 否
2025-07-17 14:30:18,471 - INFO - 找到 1 个FITS文件
2025-07-17 14:30:18,472 - INFO - 处理文件 1/1: aligned_comparison_20250715_175203_difference.fits
2025-07-17 14:30:18,512 - INFO - 加载FITS文件: E:\fix_data\star-detect\aligned_comparison_20250715_175203_difference.fits
2025-07-17 14:30:18,513 - INFO - 图像尺寸: (3211, 4800)
2025-07-17 14:30:20,146 - INFO - 图像统计: mean=0.36, median=0.35, std=0.02
2025-07-17 14:30:20,268 - INFO - 标准阈值: 140
2025-07-17 14:30:20,300 - INFO - 检测到 6 个圆形星点 (过滤掉 2 个非圆形对象)
2025-07-17 14:30:20,373 - INFO - 标记图像已保存: output_images\aligned_comparison_20250715_175203_difference_stars.jpg
2025-07-17 14:30:20,384 - INFO - 成功处理: 检测到 6 个星点
2025-07-17 14:30:20,388 - INFO - 处理完成! 总用时: 1.91秒
2025-07-17 14:30:20,388 - INFO - 输出目录: E:\project_temp\test_star\no_sep\output_images
2025-07-17 14:30:39,029 - INFO - 星点检测参数:
2025-07-17 14:30:39,029 - INFO -   最小面积: 25 像素
2025-07-17 14:30:39,029 - INFO -   最大面积: 1000 像素
2025-07-17 14:30:39,029 - INFO -   阈值因子: 4.0
2025-07-17 14:30:39,029 - INFO -   最小圆度: 0.6
2025-07-17 14:30:39,030 - INFO -   最小实心度: 0.6
2025-07-17 14:30:39,030 - INFO -   自适应阈值: 否
2025-07-17 14:30:39,030 - INFO -   暗星模式: 否
2025-07-17 14:30:39,030 - INFO - 找到 1 个FITS文件
2025-07-17 14:30:39,030 - INFO - 处理文件 1/1: aligned_comparison_20250715_175203_difference.fits
2025-07-17 14:30:39,062 - INFO - 加载FITS文件: E:\fix_data\star-detect\aligned_comparison_20250715_175203_difference.fits
2025-07-17 14:30:39,063 - INFO - 图像尺寸: (3211, 4800)
2025-07-17 14:30:40,685 - INFO - 图像统计: mean=0.36, median=0.35, std=0.02
2025-07-17 14:30:40,811 - INFO - 标准阈值: 153
2025-07-17 14:30:40,840 - INFO - 检测到 4 个圆形星点 (过滤掉 6 个非圆形对象)
2025-07-17 14:30:40,915 - INFO - 标记图像已保存: output_images\aligned_comparison_20250715_175203_difference_stars.jpg
2025-07-17 14:30:40,925 - INFO - 成功处理: 检测到 4 个星点
2025-07-17 14:30:40,927 - INFO - 处理完成! 总用时: 1.90秒
2025-07-17 14:30:40,927 - INFO - 输出目录: E:\project_temp\test_star\no_sep\output_images
2025-07-17 14:31:18,845 - INFO - 星点检测参数:
2025-07-17 14:31:18,846 - INFO -   最小面积: 8 像素
2025-07-17 14:31:18,846 - INFO -   最大面积: 1000 像素
2025-07-17 14:31:18,846 - INFO -   阈值因子: 2.5
2025-07-17 14:31:18,846 - INFO -   最小圆度: 0.3
2025-07-17 14:31:18,846 - INFO -   最小实心度: 0.6
2025-07-17 14:31:18,846 - INFO -   自适应阈值: 否
2025-07-17 14:31:18,846 - INFO -   暗星模式: 否
2025-07-17 14:31:18,847 - INFO - 找到 1 个FITS文件
2025-07-17 14:31:18,847 - INFO - 处理文件 1/1: aligned_comparison_20250715_175203_difference.fits
2025-07-17 14:31:18,879 - INFO - 加载FITS文件: E:\fix_data\star-detect\aligned_comparison_20250715_175203_difference.fits
2025-07-17 14:31:18,879 - INFO - 图像尺寸: (3211, 4800)
2025-07-17 14:31:20,457 - INFO - 图像统计: mean=0.36, median=0.35, std=0.02
2025-07-17 14:31:20,578 - INFO - 标准阈值: 114
2025-07-17 14:31:20,613 - INFO - 检测到 247 个圆形星点 (过滤掉 94 个非圆形对象)
2025-07-17 14:31:20,689 - INFO - 标记图像已保存: output_images\aligned_comparison_20250715_175203_difference_stars.jpg
2025-07-17 14:31:20,699 - INFO - 成功处理: 检测到 247 个星点
2025-07-17 14:31:20,700 - INFO - 处理完成! 总用时: 1.85秒
2025-07-17 14:31:20,701 - INFO - 输出目录: E:\project_temp\test_star\no_sep\output_images
2025-07-17 14:37:00,463 - INFO - 使用自定义检测参数:
2025-07-17 14:37:00,463 - INFO -   min_area: 5
2025-07-17 14:37:00,463 - INFO -   max_area: 4000
2025-07-17 14:37:00,463 - INFO -   threshold_factor: 3.5
2025-07-17 14:37:00,463 - INFO -   min_circularity: 0.6
2025-07-17 14:37:00,463 - INFO -   min_solidity: 0.7
2025-07-17 14:37:00,463 - INFO -   adaptive_threshold: False
2025-07-17 14:37:00,463 - INFO -   dark_star_mode: False
2025-07-17 14:37:00,463 - INFO - 找到 1 个FITS文件
2025-07-17 14:37:00,463 - INFO - 处理文件 1/1: aligned_comparison_20250715_175203_difference.fits
2025-07-17 14:37:00,493 - INFO - 加载FITS文件: E:\fix_data\star-detect\aligned_comparison_20250715_175203_difference.fits
2025-07-17 14:37:00,493 - INFO - 图像尺寸: (3211, 4800)
2025-07-17 14:37:01,986 - INFO - 图像统计: mean=0.36, median=0.35, std=0.02
2025-07-17 14:37:02,100 - INFO - 标准阈值: 140
2025-07-17 14:37:02,128 - INFO - 检测到 37 个圆形星点 (过滤掉 4 个非圆形对象)
2025-07-17 14:37:02,200 - INFO - 标记图像已保存: output_images\aligned_comparison_20250715_175203_difference_stars.jpg
2025-07-17 14:37:02,209 - INFO - 成功处理: 检测到 37 个星点
2025-07-17 14:37:02,210 - INFO - 处理完成! 总用时: 1.75秒
2025-07-17 14:37:02,210 - INFO - 输出目录: E:\project_temp\test_star\no_sep\output_images
2025-07-17 14:37:55,296 - INFO - 使用自定义检测参数:
2025-07-17 14:37:55,297 - INFO -   min_area: 5
2025-07-17 14:37:55,297 - INFO -   max_area: 4000
2025-07-17 14:37:55,297 - INFO -   threshold_factor: 3.5
2025-07-17 14:37:55,297 - INFO -   min_circularity: 0.6
2025-07-17 14:37:55,297 - INFO -   min_solidity: 0.2
2025-07-17 14:37:55,297 - INFO -   adaptive_threshold: False
2025-07-17 14:37:55,297 - INFO -   dark_star_mode: False
2025-07-17 14:37:55,297 - INFO - 找到 1 个FITS文件
2025-07-17 14:37:55,297 - INFO - 处理文件 1/1: aligned_comparison_20250715_175203_difference.fits
2025-07-17 14:37:55,328 - INFO - 加载FITS文件: E:\fix_data\star-detect\aligned_comparison_20250715_175203_difference.fits
2025-07-17 14:37:55,328 - INFO - 图像尺寸: (3211, 4800)
2025-07-17 14:37:56,832 - INFO - 图像统计: mean=0.36, median=0.35, std=0.02
2025-07-17 14:37:56,949 - INFO - 标准阈值: 140
2025-07-17 14:37:56,974 - INFO - 检测到 37 个圆形星点 (过滤掉 4 个非圆形对象)
2025-07-17 14:37:57,045 - INFO - 标记图像已保存: output_images\aligned_comparison_20250715_175203_difference_stars.jpg
2025-07-17 14:37:57,054 - INFO - 成功处理: 检测到 37 个星点
2025-07-17 14:37:57,055 - INFO - 处理完成! 总用时: 1.76秒
2025-07-17 14:37:57,055 - INFO - 输出目录: E:\project_temp\test_star\no_sep\output_images
2025-07-17 14:38:09,511 - INFO - 使用自定义检测参数:
2025-07-17 14:38:09,511 - INFO -   min_area: 5
2025-07-17 14:38:09,511 - INFO -   max_area: 4000
2025-07-17 14:38:09,511 - INFO -   threshold_factor: 3.5
2025-07-17 14:38:09,511 - INFO -   min_circularity: 0.6
2025-07-17 14:38:09,511 - INFO -   min_solidity: 0.2
2025-07-17 14:38:09,512 - INFO -   adaptive_threshold: False
2025-07-17 14:38:09,512 - INFO -   dark_star_mode: False
2025-07-17 14:38:09,512 - INFO - 找到 1 个FITS文件
2025-07-17 14:38:09,512 - INFO - 处理文件 1/1: aligned_comparison_20250715_175203_difference.fits
2025-07-17 14:38:09,541 - INFO - 加载FITS文件: E:\fix_data\star-detect\aligned_comparison_20250715_175203_difference.fits
2025-07-17 14:38:09,542 - INFO - 图像尺寸: (3211, 4800)
2025-07-17 14:38:11,071 - INFO - 图像统计: mean=0.36, median=0.35, std=0.02
2025-07-17 14:38:11,185 - INFO - 标准阈值: 140
2025-07-17 14:38:11,211 - INFO - 检测到 37 个圆形星点 (过滤掉 4 个非圆形对象)
2025-07-17 14:38:11,284 - INFO - 标记图像已保存: output_images\aligned_comparison_20250715_175203_difference_stars.jpg
2025-07-17 14:38:11,294 - INFO - 成功处理: 检测到 37 个星点
2025-07-17 14:38:11,295 - INFO - 处理完成! 总用时: 1.78秒
2025-07-17 14:38:11,295 - INFO - 输出目录: E:\project_temp\test_star\no_sep\output_images
2025-07-17 14:39:22,190 - INFO - 使用自定义检测参数:
2025-07-17 14:39:22,190 - INFO -   min_area: 5
2025-07-17 14:39:22,190 - INFO -   max_area: 4000
2025-07-17 14:39:22,190 - INFO -   threshold_factor: 0.5
2025-07-17 14:39:22,190 - INFO -   min_circularity: 0.6
2025-07-17 14:39:22,190 - INFO -   min_solidity: 0.2
2025-07-17 14:39:22,190 - INFO -   adaptive_threshold: False
2025-07-17 14:39:22,190 - INFO -   dark_star_mode: False
2025-07-17 14:39:22,191 - INFO - 找到 1 个FITS文件
2025-07-17 14:39:22,191 - INFO - 处理文件 1/1: aligned_comparison_20250715_175203_difference.fits
2025-07-17 14:39:22,219 - INFO - 加载FITS文件: E:\fix_data\star-detect\aligned_comparison_20250715_175203_difference.fits
2025-07-17 14:39:22,220 - INFO - 图像尺寸: (3211, 4800)
2025-07-17 14:39:23,725 - INFO - 图像统计: mean=0.36, median=0.35, std=0.02
2025-07-17 14:39:23,841 - INFO - 标准阈值: 63
2025-07-17 14:39:23,959 - INFO - 检测到 1862 个圆形星点 (过滤掉 2566 个非圆形对象)
2025-07-17 14:39:24,053 - INFO - 标记图像已保存: output_images\aligned_comparison_20250715_175203_difference_stars.jpg
2025-07-17 14:39:24,063 - INFO - 成功处理: 检测到 1862 个星点
2025-07-17 14:39:24,064 - INFO - 处理完成! 总用时: 1.87秒
2025-07-17 14:39:24,064 - INFO - 输出目录: E:\project_temp\test_star\no_sep\output_images
2025-07-17 14:48:35,513 - INFO - 星点检测参数:
2025-07-17 14:48:35,513 - INFO -   最小面积: 15 像素
2025-07-17 14:48:35,513 - INFO -   最大面积: 1000 像素
2025-07-17 14:48:35,513 - INFO -   阈值因子: 3.5
2025-07-17 14:48:35,513 - INFO -   最小圆度: 0.5
2025-07-17 14:48:35,513 - INFO -   最小实心度: 0.6
2025-07-17 14:48:35,513 - INFO -   自适应阈值: 否
2025-07-17 14:48:35,513 - INFO -   暗星模式: 否
2025-07-17 14:48:35,514 - INFO - 找到 1 个FITS文件
2025-07-17 14:48:35,514 - INFO - 处理文件 1/1: aligned_comparison_20250715_175203_difference.fits
2025-07-17 14:48:35,547 - INFO - 加载FITS文件: E:\fix_data\star-detect\aligned_comparison_20250715_175203_difference.fits
2025-07-17 14:48:35,548 - INFO - 图像尺寸: (3211, 4800)
2025-07-17 14:48:37,111 - INFO - 图像统计: mean=0.36, median=0.35, std=0.02
2025-07-17 14:48:37,218 - INFO - 标准阈值: 140
2025-07-17 14:48:37,246 - INFO - 检测到 6 个圆形星点 (过滤掉 2 个非圆形对象)
2025-07-17 14:48:37,319 - INFO - 标记图像已保存: output_images\aligned_comparison_20250715_175203_difference_stars.jpg
2025-07-17 14:48:37,328 - INFO - 成功处理: 检测到 6 个星点
2025-07-17 14:48:37,329 - INFO - 处理完成! 总用时: 1.81秒
2025-07-17 14:48:37,329 - INFO - 输出目录: E:\project_temp\test_star\no_sep\output_images
2025-07-17 14:49:14,568 - INFO - 星点检测参数:
2025-07-17 14:49:14,568 - INFO -   最小面积: 25 像素
2025-07-17 14:49:14,568 - INFO -   最大面积: 1000 像素
2025-07-17 14:49:14,568 - INFO -   阈值因子: 4.0
2025-07-17 14:49:14,568 - INFO -   最小圆度: 0.6
2025-07-17 14:49:14,568 - INFO -   最小实心度: 0.6
2025-07-17 14:49:14,568 - INFO -   自适应阈值: 否
2025-07-17 14:49:14,568 - INFO -   暗星模式: 否
2025-07-17 14:49:14,569 - INFO - 找到 1 个FITS文件
2025-07-17 14:49:14,569 - INFO - 处理文件 1/1: aligned_comparison_20250715_175203_difference.fits
2025-07-17 14:49:14,600 - INFO - 加载FITS文件: E:\fix_data\star-detect\aligned_comparison_20250715_175203_difference.fits
2025-07-17 14:49:14,600 - INFO - 图像尺寸: (3211, 4800)
2025-07-17 14:49:16,190 - INFO - 图像统计: mean=0.36, median=0.35, std=0.02
2025-07-17 14:49:16,297 - INFO - 标准阈值: 153
2025-07-17 14:49:16,322 - INFO - 检测到 4 个圆形星点 (过滤掉 6 个非圆形对象)
2025-07-17 14:49:16,395 - INFO - 标记图像已保存: output_images\aligned_comparison_20250715_175203_difference_stars.jpg
2025-07-17 14:49:16,404 - INFO - 成功处理: 检测到 4 个星点
2025-07-17 14:49:16,406 - INFO - 处理完成! 总用时: 1.84秒
2025-07-17 14:49:16,406 - INFO - 输出目录: E:\project_temp\test_star\no_sep\output_images
2025-07-17 14:59:25,286 - INFO - 星点检测参数:
2025-07-17 14:59:25,286 - INFO -   最小面积: 15 像素
2025-07-17 14:59:25,286 - INFO -   最大面积: 1000 像素
2025-07-17 14:59:25,287 - INFO -   阈值因子: 3.5
2025-07-17 14:59:25,287 - INFO -   最小圆度: 0.5
2025-07-17 14:59:25,287 - INFO -   最小实心度: 0.6
2025-07-17 14:59:25,287 - INFO -   自适应阈值: 否
2025-07-17 14:59:25,287 - INFO -   暗星模式: 否
2025-07-17 14:59:25,287 - INFO -   圆圈粗细: 1 像素
2025-07-17 14:59:25,287 - INFO -   圆圈大小倍数: 2.0
2025-07-17 14:59:25,287 - INFO - 找到 1 个FITS文件
2025-07-17 14:59:25,288 - INFO - 处理文件 1/1: aligned_comparison_20250715_175203_difference.fits
2025-07-17 14:59:25,328 - INFO - 加载FITS文件: E:\fix_data\star-detect\aligned_comparison_20250715_175203_difference.fits
2025-07-17 14:59:25,328 - INFO - 图像尺寸: (3211, 4800)
2025-07-17 14:59:26,958 - INFO - 图像统计: mean=0.36, median=0.35, std=0.02
2025-07-17 14:59:27,069 - INFO - 标准阈值: 140
2025-07-17 14:59:27,095 - INFO - 检测到 6 个圆形星点 (过滤掉 2 个非圆形对象)
2025-07-17 14:59:27,169 - INFO - 标记图像已保存: output_images\aligned_comparison_20250715_175203_difference_stars.jpg
2025-07-17 14:59:27,178 - INFO - 成功处理: 检测到 6 个星点
2025-07-17 14:59:27,180 - INFO - 处理完成! 总用时: 1.89秒
2025-07-17 14:59:27,180 - INFO - 输出目录: E:\project_temp\test_star\no_sep\output_images
2025-07-17 15:00:28,108 - INFO - 星点检测参数:
2025-07-17 15:00:28,108 - INFO -   最小面积: 25 像素
2025-07-17 15:00:28,108 - INFO -   最大面积: 1000 像素
2025-07-17 15:00:28,109 - INFO -   阈值因子: 4.0
2025-07-17 15:00:28,109 - INFO -   最小圆度: 0.6
2025-07-17 15:00:28,109 - INFO -   最小实心度: 0.6
2025-07-17 15:00:28,109 - INFO -   自适应阈值: 否
2025-07-17 15:00:28,109 - INFO -   暗星模式: 否
2025-07-17 15:00:28,109 - INFO -   圆圈粗细: 2 像素
2025-07-17 15:00:28,109 - INFO -   圆圈大小倍数: 2.5
2025-07-17 15:00:28,109 - INFO - 找到 1 个FITS文件
2025-07-17 15:00:28,109 - INFO - 处理文件 1/1: aligned_comparison_20250715_175203_difference.fits
2025-07-17 15:00:28,148 - INFO - 加载FITS文件: E:\fix_data\star-detect\aligned_comparison_20250715_175203_difference.fits
2025-07-17 15:00:28,148 - INFO - 图像尺寸: (3211, 4800)
2025-07-17 15:00:29,770 - INFO - 图像统计: mean=0.36, median=0.35, std=0.02
2025-07-17 15:00:29,888 - INFO - 标准阈值: 153
2025-07-17 15:00:29,919 - INFO - 检测到 4 个圆形星点 (过滤掉 6 个非圆形对象)
2025-07-17 15:00:29,994 - INFO - 标记图像已保存: output_images\aligned_comparison_20250715_175203_difference_stars.jpg
2025-07-17 15:00:30,004 - INFO - 成功处理: 检测到 4 个星点
2025-07-17 15:00:30,005 - INFO - 处理完成! 总用时: 1.89秒
2025-07-17 15:00:30,006 - INFO - 输出目录: E:\project_temp\test_star\no_sep\output_images
2025-07-17 15:14:22,866 - INFO - 使用自定义检测参数:
2025-07-17 15:14:22,866 - INFO -   min_area: 5
2025-07-17 15:14:22,866 - INFO -   max_area: 4000
2025-07-17 15:14:22,867 - INFO -   threshold_factor: 0.5
2025-07-17 15:14:22,867 - INFO -   min_circularity: 0.6
2025-07-17 15:14:22,867 - INFO -   min_solidity: 0.2
2025-07-17 15:14:22,867 - INFO -   adaptive_threshold: False
2025-07-17 15:14:22,867 - INFO -   dark_star_mode: False
2025-07-17 15:14:22,867 - INFO -   circle_thickness: 1
2025-07-17 15:14:22,867 - INFO -   circle_size_factor: 2.5
2025-07-17 15:14:22,867 - INFO - 找到 1 个FITS文件
2025-07-17 15:14:22,867 - INFO - 处理文件 1/1: aligned_comparison_20250715_175203_difference.fits
2025-07-17 15:14:22,901 - INFO - 加载FITS文件: E:\fix_data\star-detect\aligned_comparison_20250715_175203_difference.fits
2025-07-17 15:14:22,902 - INFO - 图像尺寸: (3211, 4800)
2025-07-17 15:14:24,446 - INFO - 图像统计: mean=0.36, median=0.35, std=0.02
2025-07-17 15:14:24,570 - INFO - 标准阈值: 63
2025-07-17 15:14:24,677 - INFO - 检测到 1862 个圆形星点 (过滤掉 2566 个非圆形对象)
2025-07-17 15:14:24,793 - INFO - 标记图像已保存: output_images\aligned_comparison_20250715_175203_difference_stars.jpg
2025-07-17 15:14:24,802 - INFO - 成功处理: 检测到 1862 个星点
2025-07-17 15:14:24,804 - INFO - 处理完成! 总用时: 1.94秒
2025-07-17 15:14:24,804 - INFO - 输出目录: E:\project_temp\test_star\no_sep\output_images
2025-07-17 15:16:17,444 - INFO - 使用自定义检测参数:
2025-07-17 15:16:17,444 - INFO -   min_area: 5
2025-07-17 15:16:17,445 - INFO -   max_area: 4000
2025-07-17 15:16:17,445 - INFO -   threshold_factor: 0.5
2025-07-17 15:16:17,445 - INFO -   min_circularity: 0.6
2025-07-17 15:16:17,445 - INFO -   min_solidity: 0.2
2025-07-17 15:16:17,445 - INFO -   adaptive_threshold: False
2025-07-17 15:16:17,445 - INFO -   dark_star_mode: False
2025-07-17 15:16:17,445 - INFO -   circle_thickness: 1
2025-07-17 15:16:17,445 - INFO -   circle_size_factor: 2.5
2025-07-17 15:16:17,445 - INFO - 找到 1 个FITS文件
2025-07-17 15:16:17,445 - INFO - 处理文件 1/1: aligned_comparison_20250715_175203_difference.fits
2025-07-17 15:16:17,474 - INFO - 加载FITS文件: E:\fix_data\star-detect\aligned_comparison_20250715_175203_difference.fits
2025-07-17 15:16:17,474 - INFO - 图像尺寸: (3211, 4800)
2025-07-17 15:16:18,919 - INFO - 图像统计: mean=0.36, median=0.35, std=0.02
2025-07-17 15:16:19,032 - INFO - 标准阈值: 63
2025-07-17 15:16:19,136 - INFO - 检测到 1862 个圆形星点 (过滤掉 2566 个非圆形对象)
2025-07-17 15:16:19,248 - INFO - 标记图像已保存: output_images\aligned_comparison_20250715_175203_difference_stars.jpg
2025-07-17 15:16:19,257 - INFO - 成功处理: 检测到 1862 个星点
2025-07-17 15:16:19,258 - INFO - 处理完成! 总用时: 1.81秒
2025-07-17 15:16:19,258 - INFO - 输出目录: E:\project_temp\test_star\no_sep\output_images
2025-07-17 15:16:33,265 - INFO - 使用自定义检测参数:
2025-07-17 15:16:33,265 - INFO -   min_area: 5
2025-07-17 15:16:33,265 - INFO -   max_area: 4000
2025-07-17 15:16:33,265 - INFO -   threshold_factor: 0.5
2025-07-17 15:16:33,265 - INFO -   min_circularity: 0.6
2025-07-17 15:16:33,265 - INFO -   min_solidity: 0.2
2025-07-17 15:16:33,265 - INFO -   adaptive_threshold: False
2025-07-17 15:16:33,265 - INFO -   dark_star_mode: False
2025-07-17 15:16:33,265 - INFO -   circle_thickness: 1
2025-07-17 15:16:33,265 - INFO -   circle_size_factor: 2.5
2025-07-17 15:16:33,266 - INFO - 找到 1 个FITS文件
2025-07-17 15:16:33,266 - INFO - 处理文件 1/1: aligned_comparison_20250715_175203_difference.fits
2025-07-17 15:16:33,295 - INFO - 加载FITS文件: E:\fix_data\star-detect\aligned_comparison_20250715_175203_difference.fits
2025-07-17 15:16:33,295 - INFO - 图像尺寸: (3211, 4800)
2025-07-17 15:16:34,750 - INFO - 图像统计: mean=0.36, median=0.35, std=0.02
2025-07-17 15:16:34,845 - INFO - 标准阈值: 63
2025-07-17 15:16:34,958 - INFO - 检测到 1862 个圆形星点 (过滤掉 2566 个非圆形对象)
2025-07-17 15:16:35,077 - INFO - 标记图像已保存: output_images\aligned_comparison_20250715_175203_difference_stars.jpg
2025-07-17 15:16:35,086 - INFO - 成功处理: 检测到 1862 个星点
2025-07-17 15:16:35,088 - INFO - 处理完成! 总用时: 1.82秒
2025-07-17 15:16:35,088 - INFO - 输出目录: E:\project_temp\test_star\no_sep\output_images
2025-07-17 15:17:57,603 - INFO - 使用自定义检测参数:
2025-07-17 15:17:57,603 - INFO -   min_area: 5
2025-07-17 15:17:57,603 - INFO -   max_area: 4000
2025-07-17 15:17:57,603 - INFO -   threshold_factor: 0.5
2025-07-17 15:17:57,603 - INFO -   min_circularity: 0.4
2025-07-17 15:17:57,603 - INFO -   min_solidity: 0.2
2025-07-17 15:17:57,603 - INFO -   adaptive_threshold: False
2025-07-17 15:17:57,603 - INFO -   dark_star_mode: False
2025-07-17 15:17:57,603 - INFO -   circle_thickness: 1
2025-07-17 15:17:57,603 - INFO -   circle_size_factor: 2.5
2025-07-17 15:17:57,604 - INFO - 找到 1 个FITS文件
2025-07-17 15:17:57,604 - INFO - 处理文件 1/1: aligned_comparison_20250715_175203_difference.fits
2025-07-17 15:17:57,634 - INFO - 加载FITS文件: E:\fix_data\star-detect\aligned_comparison_20250715_175203_difference.fits
2025-07-17 15:17:57,635 - INFO - 图像尺寸: (3211, 4800)
2025-07-17 15:17:59,114 - INFO - 图像统计: mean=0.36, median=0.35, std=0.02
2025-07-17 15:17:59,201 - INFO - 标准阈值: 63
2025-07-17 15:17:59,307 - INFO - 检测到 3042 个圆形星点 (过滤掉 1386 个非圆形对象)
2025-07-17 15:17:59,452 - INFO - 标记图像已保存: output_images\aligned_comparison_20250715_175203_difference_stars.jpg
2025-07-17 15:17:59,461 - INFO - 成功处理: 检测到 3042 个星点
2025-07-17 15:17:59,462 - INFO - 处理完成! 总用时: 1.86秒
2025-07-17 15:17:59,462 - INFO - 输出目录: E:\project_temp\test_star\no_sep\output_images
2025-07-17 15:21:04,789 - INFO - 星点检测参数:
2025-07-17 15:21:04,789 - INFO -   最小面积: 15 像素
2025-07-17 15:21:04,790 - INFO -   最大面积: 1000 像素
2025-07-17 15:21:04,790 - INFO -   阈值因子: 3.5
2025-07-17 15:21:04,790 - INFO -   最小圆度: 0.5
2025-07-17 15:21:04,790 - INFO -   最小实心度: 0.6
2025-07-17 15:21:04,790 - INFO -   自适应阈值: 否
2025-07-17 15:21:04,790 - INFO -   暗星模式: 否
2025-07-17 15:21:04,790 - INFO -   圆圈粗细: 1 像素
2025-07-17 15:21:04,790 - INFO -   圆圈大小倍数: 2.0
2025-07-17 15:21:04,791 - INFO - 找到 1 个FITS文件
2025-07-17 15:21:04,791 - INFO - 处理文件 1/1: aligned_comparison_20250715_175203_difference.fits
2025-07-17 15:21:04,823 - INFO - 加载FITS文件: E:\fix_data\star-detect\aligned_comparison_20250715_175203_difference.fits
2025-07-17 15:21:04,823 - INFO - 图像尺寸: (3211, 4800)
2025-07-17 15:21:06,422 - INFO - 图像统计: mean=0.36, median=0.35, std=0.02
2025-07-17 15:21:06,530 - INFO - 标准阈值: 140
2025-07-17 15:21:06,558 - INFO - 检测到 6 个圆形星点 (过滤掉 2 个非圆形对象)
2025-07-17 15:21:06,632 - INFO - 标记图像已保存: output_images\aligned_comparison_20250715_175203_difference_stars.jpg
2025-07-17 15:21:06,641 - INFO - 成功处理: 检测到 6 个星点
2025-07-17 15:21:06,643 - INFO - 处理完成! 总用时: 1.85秒
2025-07-17 15:21:06,643 - INFO - 输出目录: E:\project_temp\test_star\no_sep\output_images
2025-07-17 15:22:51,001 - INFO - 星点检测参数:
2025-07-17 15:22:51,001 - INFO -   最小面积: 25 像素
2025-07-17 15:22:51,002 - INFO -   最大面积: 1000 像素
2025-07-17 15:22:51,002 - INFO -   阈值因子: 4.0
2025-07-17 15:22:51,002 - INFO -   最小圆度: 0.6
2025-07-17 15:22:51,002 - INFO -   最小实心度: 0.6
2025-07-17 15:22:51,002 - INFO -   自适应阈值: 否
2025-07-17 15:22:51,002 - INFO -   暗星模式: 否
2025-07-17 15:22:51,002 - INFO -   圆圈粗细: 1 像素
2025-07-17 15:22:51,002 - INFO -   圆圈大小倍数: 2.5
2025-07-17 15:22:51,003 - INFO - 找到 1 个FITS文件
2025-07-17 15:22:51,003 - INFO - 处理文件 1/1: aligned_comparison_20250715_175203_difference.fits
2025-07-17 15:22:51,036 - INFO - 加载FITS文件: E:\fix_data\star-detect\aligned_comparison_20250715_175203_difference.fits
2025-07-17 15:22:51,036 - INFO - 图像尺寸: (3211, 4800)
2025-07-17 15:22:52,664 - INFO - 图像统计: mean=0.36, median=0.35, std=0.02
2025-07-17 15:22:52,788 - INFO - 标准阈值: 153
2025-07-17 15:22:52,816 - INFO - 检测到 4 个圆形星点 (过滤掉 6 个非圆形对象)
2025-07-17 15:22:52,891 - INFO - 标记图像已保存: output_images\aligned_comparison_20250715_175203_difference_stars.jpg
2025-07-17 15:22:52,901 - INFO - 成功处理: 检测到 4 个星点
2025-07-17 15:22:52,902 - INFO - 处理完成! 总用时: 1.90秒
2025-07-17 15:22:52,902 - INFO - 输出目录: E:\project_temp\test_star\no_sep\output_images
2025-07-17 15:24:20,025 - INFO - 使用自定义检测参数:
2025-07-17 15:24:20,025 - INFO -   min_area: 5
2025-07-17 15:24:20,025 - INFO -   max_area: 4000
2025-07-17 15:24:20,025 - INFO -   threshold_factor: 0.5
2025-07-17 15:24:20,025 - INFO -   min_circularity: 0.4
2025-07-17 15:24:20,025 - INFO -   min_solidity: 0.2
2025-07-17 15:24:20,025 - INFO -   adaptive_threshold: False
2025-07-17 15:24:20,025 - INFO -   dark_star_mode: False
2025-07-17 15:24:20,025 - INFO -   circle_thickness: 1
2025-07-17 15:24:20,025 - INFO -   circle_size_factor: 2.5
2025-07-17 15:24:20,026 - INFO - 找到 1 个FITS文件
2025-07-17 15:24:20,026 - INFO - 处理文件 1/1: aligned_comparison_20250715_175203_difference.fits
2025-07-17 15:24:20,055 - INFO - 加载FITS文件: E:\fix_data\star-detect\aligned_comparison_20250715_175203_difference.fits
2025-07-17 15:24:20,056 - INFO - 图像尺寸: (3211, 4800)
2025-07-17 15:24:21,529 - INFO - 图像统计: mean=0.36, median=0.35, std=0.02
2025-07-17 15:24:21,642 - INFO - 标准阈值: 63
2025-07-17 15:24:21,747 - INFO - 检测到 3042 个圆形星点 (过滤掉 1386 个非圆形对象)
2025-07-17 15:24:21,887 - INFO - 标记图像已保存: output_images\aligned_comparison_20250715_175203_difference_stars.jpg
2025-07-17 15:24:21,896 - INFO - 成功处理: 检测到 3042 个星点
2025-07-17 15:24:21,897 - INFO - 处理完成! 总用时: 1.87秒
2025-07-17 15:24:21,897 - INFO - 输出目录: E:\project_temp\test_star\no_sep\output_images
2025-07-17 15:24:48,127 - INFO - 使用自定义检测参数:
2025-07-17 15:24:48,127 - INFO -   min_area: 5
2025-07-17 15:24:48,127 - INFO -   max_area: 4000
2025-07-17 15:24:48,127 - INFO -   threshold_factor: 2.5
2025-07-17 15:24:48,127 - INFO -   min_circularity: 0.4
2025-07-17 15:24:48,127 - INFO -   min_solidity: 0.2
2025-07-17 15:24:48,127 - INFO -   adaptive_threshold: False
2025-07-17 15:24:48,127 - INFO -   dark_star_mode: False
2025-07-17 15:24:48,127 - INFO -   circle_thickness: 1
2025-07-17 15:24:48,127 - INFO -   circle_size_factor: 2.5
2025-07-17 15:24:48,128 - INFO - 找到 1 个FITS文件
2025-07-17 15:24:48,128 - INFO - 处理文件 1/1: aligned_comparison_20250715_175203_difference.fits
2025-07-17 15:24:48,157 - INFO - 加载FITS文件: E:\fix_data\star-detect\aligned_comparison_20250715_175203_difference.fits
2025-07-17 15:24:48,157 - INFO - 图像尺寸: (3211, 4800)
2025-07-17 15:24:49,622 - INFO - 图像统计: mean=0.36, median=0.35, std=0.02
2025-07-17 15:24:49,712 - INFO - 标准阈值: 114
2025-07-17 15:24:49,742 - INFO - 检测到 370 个圆形星点 (过滤掉 152 个非圆形对象)
2025-07-17 15:24:49,817 - INFO - 标记图像已保存: output_images\aligned_comparison_20250715_175203_difference_stars.jpg
2025-07-17 15:24:49,826 - INFO - 成功处理: 检测到 370 个星点
2025-07-17 15:24:49,827 - INFO - 处理完成! 总用时: 1.70秒
2025-07-17 15:24:49,827 - INFO - 输出目录: E:\project_temp\test_star\no_sep\output_images
2025-07-17 15:25:25,609 - INFO - 使用自定义检测参数:
2025-07-17 15:25:25,609 - INFO -   min_area: 5
2025-07-17 15:25:25,609 - INFO -   max_area: 4000
2025-07-17 15:25:25,610 - INFO -   threshold_factor: 1.5
2025-07-17 15:25:25,610 - INFO -   min_circularity: 0.4
2025-07-17 15:25:25,610 - INFO -   min_solidity: 0.2
2025-07-17 15:25:25,610 - INFO -   adaptive_threshold: False
2025-07-17 15:25:25,610 - INFO -   dark_star_mode: False
2025-07-17 15:25:25,610 - INFO -   circle_thickness: 1
2025-07-17 15:25:25,610 - INFO -   circle_size_factor: 2.5
2025-07-17 15:25:25,610 - INFO - 找到 1 个FITS文件
2025-07-17 15:25:25,610 - INFO - 处理文件 1/1: aligned_comparison_20250715_175203_difference.fits
2025-07-17 15:25:25,639 - INFO - 加载FITS文件: E:\fix_data\star-detect\aligned_comparison_20250715_175203_difference.fits
2025-07-17 15:25:25,639 - INFO - 图像尺寸: (3211, 4800)
2025-07-17 15:25:27,111 - INFO - 图像统计: mean=0.36, median=0.35, std=0.02
2025-07-17 15:25:27,224 - INFO - 标准阈值: 89
2025-07-17 15:25:27,283 - INFO - 检测到 1147 个圆形星点 (过滤掉 590 个非圆形对象)
2025-07-17 15:25:27,376 - INFO - 标记图像已保存: output_images\aligned_comparison_20250715_175203_difference_stars.jpg
2025-07-17 15:25:27,387 - INFO - 成功处理: 检测到 1147 个星点
2025-07-17 15:25:27,388 - INFO - 处理完成! 总用时: 1.78秒
2025-07-17 15:25:27,388 - INFO - 输出目录: E:\project_temp\test_star\no_sep\output_images
2025-07-17 15:34:12,650 - INFO - 星点检测参数:
2025-07-17 15:34:12,650 - INFO -   最小面积: 25 像素
2025-07-17 15:34:12,650 - INFO -   最大面积: 1000 像素
2025-07-17 15:34:12,650 - INFO -   阈值因子: 4.0
2025-07-17 15:34:12,650 - INFO -   最小圆度: 0.6
2025-07-17 15:34:12,650 - INFO -   最小实心度: 0.6
2025-07-17 15:34:12,650 - INFO -   自适应阈值: 否
2025-07-17 15:34:12,650 - INFO -   暗星模式: 否
2025-07-17 15:34:12,651 - INFO -   圆圈粗细: 2 像素
2025-07-17 15:34:12,651 - INFO -   圆圈大小倍数: 2.0
2025-07-17 15:34:12,651 - INFO - 找到 1 个FITS文件
2025-07-17 15:34:12,651 - INFO - 处理文件 1/1: aligned_comparison_20250715_175203_difference.fits
2025-07-17 15:34:12,684 - INFO - 加载FITS文件: E:\fix_data\star-detect\aligned_comparison_20250715_175203_difference.fits
2025-07-17 15:34:12,685 - INFO - 图像尺寸: (3211, 4800)
2025-07-17 15:34:14,258 - INFO - 图像统计: mean=0.36, median=0.35, std=0.02
2025-07-17 15:34:14,380 - INFO - 标准阈值: 153
2025-07-17 15:34:14,408 - INFO - 检测到 4 个圆形星点 (过滤掉 6 个非圆形对象)
2025-07-17 15:34:14,483 - INFO - 标记图像已保存: output_images\aligned_comparison_20250715_175203_difference_stars.jpg
2025-07-17 15:34:17,119 - INFO - 标记FITS文件已保存: output_images\aligned_comparison_20250715_175203_difference_marked.fits
2025-07-17 15:34:17,132 - INFO - 成功处理: 检测到 4 个星点
2025-07-17 15:34:17,132 - INFO - 标记FITS文件: output_images\aligned_comparison_20250715_175203_difference_marked.fits
2025-07-17 15:34:17,134 - INFO - 处理完成! 总用时: 4.48秒
2025-07-17 15:34:17,134 - INFO - 输出目录: E:\project_temp\test_star\no_sep\output_images
2025-07-17 15:51:30,722 - INFO - 星点检测参数:
2025-07-17 15:51:30,722 - INFO -   最小面积: 25 像素
2025-07-17 15:51:30,722 - INFO -   最大面积: 1000 像素
2025-07-17 15:51:30,722 - INFO -   阈值因子: 4.0
2025-07-17 15:51:30,722 - INFO -   最小圆度: 0.6
2025-07-17 15:51:30,722 - INFO -   最小实心度: 0.6
2025-07-17 15:51:30,722 - INFO -   自适应阈值: 否
2025-07-17 15:51:30,722 - INFO -   暗星模式: 否
2025-07-17 15:51:30,722 - INFO -   圆圈粗细: 2 像素
2025-07-17 15:51:30,722 - INFO -   圆圈大小倍数: 2.0
2025-07-17 15:51:30,723 - INFO - 找到 1 个FITS文件
2025-07-17 15:51:30,723 - INFO - 处理文件 1/1: aligned_comparison_20250715_175203_difference.fits
2025-07-17 15:51:30,755 - INFO - 加载FITS文件: E:\fix_data\star-detect\aligned_comparison_20250715_175203_difference.fits
2025-07-17 15:51:30,756 - INFO - 图像尺寸: (3211, 4800)
2025-07-17 15:51:32,362 - INFO - 图像统计: mean=0.36, median=0.35, std=0.02
2025-07-17 15:51:32,488 - INFO - 标准阈值: 153
2025-07-17 15:51:32,518 - INFO - 检测到 4 个圆形星点 (过滤掉 6 个非圆形对象)
2025-07-17 15:51:32,593 - INFO - 标记图像已保存: output_images\aligned_comparison_20250715_175203_difference_stars.jpg
2025-07-17 15:51:35,294 - INFO - 标记FITS文件已保存: output_images\aligned_comparison_20250715_175203_difference_marked.fits
2025-07-17 15:51:35,309 - INFO - 成功处理: 检测到 4 个星点
2025-07-17 15:51:35,309 - INFO - 标记FITS文件: output_images\aligned_comparison_20250715_175203_difference_marked.fits
2025-07-17 15:51:35,311 - INFO - 处理完成! 总用时: 4.59秒
2025-07-17 15:51:35,311 - INFO - 输出目录: E:\project_temp\test_star\no_sep\output_images
2025-07-17 15:54:06,488 - INFO - 使用检测模式: SELECTIVE
2025-07-17 15:54:06,488 - INFO - 模式描述: 检测较明显的星点（通常10-50个）
2025-07-17 15:54:06,488 - INFO - 找到 1 个FITS文件
2025-07-17 15:54:06,489 - INFO - 处理文件 1/1: aligned_comparison_20250715_175203_difference.fits
2025-07-17 15:54:06,521 - INFO - 加载FITS文件: E:\fix_data\star-detect\aligned_comparison_20250715_175203_difference.fits
2025-07-17 15:54:06,522 - INFO - 图像尺寸: (3211, 4800)
2025-07-17 15:54:08,123 - INFO - 图像统计: mean=0.36, median=0.35, std=0.02
2025-07-17 15:54:08,245 - INFO - 标准阈值: 140
2025-07-17 15:54:08,276 - INFO - 检测到 6 个圆形星点 (过滤掉 2 个非圆形对象)
2025-07-17 15:54:08,350 - INFO - 标记图像已保存: output_images\aligned_comparison_20250715_175203_difference_stars.jpg
2025-07-17 15:54:10,886 - INFO - 标记FITS文件已保存: output_images\aligned_comparison_20250715_175203_difference_marked.fits
2025-07-17 15:54:10,900 - INFO - 成功处理: 检测到 6 个星点
2025-07-17 15:54:10,900 - INFO - 标记FITS文件: output_images\aligned_comparison_20250715_175203_difference_marked.fits
2025-07-17 15:54:10,902 - INFO - 处理完成! 总用时: 4.41秒
2025-07-17 15:54:10,902 - INFO - 输出目录: E:\project_temp\test_star\no_sep\output_images
2025-07-17 15:55:46,179 - INFO - 使用自定义检测参数:
2025-07-17 15:55:46,180 - INFO -   min_area: 5
2025-07-17 15:55:46,180 - INFO -   max_area: 4000
2025-07-17 15:55:46,180 - INFO -   threshold_factor: 1.5
2025-07-17 15:55:46,180 - INFO -   min_circularity: 0.4
2025-07-17 15:55:46,180 - INFO -   min_solidity: 0.2
2025-07-17 15:55:46,180 - INFO -   adaptive_threshold: False
2025-07-17 15:55:46,180 - INFO -   dark_star_mode: False
2025-07-17 15:55:46,180 - INFO -   circle_thickness: 1
2025-07-17 15:55:46,180 - INFO -   circle_size_factor: 2.5
2025-07-17 15:55:46,180 - INFO - 找到 1 个FITS文件
2025-07-17 15:55:46,180 - INFO - 处理文件 1/1: aligned_comparison_20250715_175203_difference.fits
2025-07-17 15:55:46,214 - INFO - 加载FITS文件: E:\fix_data\star-detect\aligned_comparison_20250715_175203_difference.fits
2025-07-17 15:55:46,214 - INFO - 图像尺寸: (3211, 4800)
2025-07-17 15:55:47,873 - INFO - 图像统计: mean=0.36, median=0.35, std=0.02
2025-07-17 15:55:47,996 - INFO - 标准阈值: 89
2025-07-17 15:55:48,058 - INFO - 检测到 1147 个圆形星点 (过滤掉 590 个非圆形对象)
2025-07-17 15:55:48,155 - INFO - 标记图像已保存: output_images\aligned_comparison_20250715_175203_difference_stars.jpg
2025-07-17 15:58:28,620 - INFO - 标记FITS文件已保存: output_images\aligned_comparison_20250715_175203_difference_marked.fits
2025-07-17 15:58:28,634 - INFO - 成功处理: 检测到 1147 个星点
2025-07-17 15:58:28,634 - INFO - 标记FITS文件: output_images\aligned_comparison_20250715_175203_difference_marked.fits
2025-07-17 15:58:28,635 - INFO - 处理完成! 总用时: 162.45秒
2025-07-17 15:58:28,635 - INFO - 输出目录: E:\project_temp\test_star\no_sep\output_images
